{"/Users/Mimmo/Projects/playlister/test/pgGetSongs.js":{"path":"/Users/Mimmo/Projects/playlister/test/pgGetSongs.js","s":{"1":1,"2":1,"3":1,"4":1,"5":1,"6":1,"7":1,"8":1,"9":1,"10":1,"11":1,"12":1,"13":1,"14":9,"15":9,"16":1,"17":1,"18":1,"19":1,"20":1,"21":1,"22":1,"23":1,"24":1,"25":1,"26":1,"27":1,"28":1,"29":1,"30":1,"31":1,"32":1,"33":1,"34":1,"35":1,"36":1,"37":1,"38":1,"39":1,"40":1,"41":1,"42":1,"43":1,"44":1,"45":1,"46":1,"47":1,"48":1,"49":1,"50":1,"51":1},"b":{"1":[1,1]},"f":{"1":1,"2":1,"3":9,"4":1,"5":1,"6":1,"7":1,"8":1,"9":1,"10":1,"11":1,"12":1,"13":1,"14":1,"15":1,"16":1,"17":1,"18":1,"19":1,"20":1,"21":1,"22":1,"23":1,"24":1},"fnMap":{"1":{"name":"(anonymous_1)","line":8,"loc":{"start":{"line":8,"column":44},"end":{"line":8,"column":55}}},"2":{"name":"(anonymous_2)","line":12,"loc":{"start":{"line":12,"column":9},"end":{"line":12,"column":24}}},"3":{"name":"(anonymous_3)","line":18,"loc":{"start":{"line":18,"column":13},"end":{"line":18,"column":28}}},"4":{"name":"(anonymous_4)","line":24,"loc":{"start":{"line":24,"column":8},"end":{"line":24,"column":23}}},"5":{"name":"(anonymous_5)","line":28,"loc":{"start":{"line":28,"column":39},"end":{"line":28,"column":50}}},"6":{"name":"(anonymous_6)","line":30,"loc":{"start":{"line":30,"column":30},"end":{"line":30,"column":45}}},"7":{"name":"(anonymous_7)","line":32,"loc":{"start":{"line":32,"column":30},"end":{"line":32,"column":50}}},"8":{"name":"(anonymous_8)","line":39,"loc":{"start":{"line":39,"column":33},"end":{"line":39,"column":48}}},"9":{"name":"(anonymous_9)","line":41,"loc":{"start":{"line":41,"column":33},"end":{"line":41,"column":53}}},"10":{"name":"(anonymous_10)","line":48,"loc":{"start":{"line":48,"column":36},"end":{"line":48,"column":51}}},"11":{"name":"(anonymous_11)","line":50,"loc":{"start":{"line":50,"column":41},"end":{"line":50,"column":64}}},"12":{"name":"(anonymous_12)","line":57,"loc":{"start":{"line":57,"column":46},"end":{"line":57,"column":61}}},"13":{"name":"(anonymous_13)","line":59,"loc":{"start":{"line":59,"column":37},"end":{"line":59,"column":60}}},"14":{"name":"(anonymous_14)","line":67,"loc":{"start":{"line":67,"column":38},"end":{"line":67,"column":49}}},"15":{"name":"(anonymous_15)","line":69,"loc":{"start":{"line":69,"column":66},"end":{"line":69,"column":81}}},"16":{"name":"(anonymous_16)","line":78,"loc":{"start":{"line":78,"column":30},"end":{"line":78,"column":50}}},"17":{"name":"(anonymous_17)","line":84,"loc":{"start":{"line":84,"column":37},"end":{"line":84,"column":52}}},"18":{"name":"(anonymous_18)","line":89,"loc":{"start":{"line":89,"column":29},"end":{"line":89,"column":49}}},"19":{"name":"(anonymous_19)","line":95,"loc":{"start":{"line":95,"column":42},"end":{"line":95,"column":57}}},"20":{"name":"(anonymous_20)","line":105,"loc":{"start":{"line":105,"column":31},"end":{"line":105,"column":51}}},"21":{"name":"(anonymous_21)","line":111,"loc":{"start":{"line":111,"column":57},"end":{"line":111,"column":72}}},"22":{"name":"(anonymous_22)","line":126,"loc":{"start":{"line":126,"column":31},"end":{"line":126,"column":51}}},"23":{"name":"(anonymous_23)","line":132,"loc":{"start":{"line":132,"column":69},"end":{"line":132,"column":84}}},"24":{"name":"(anonymous_24)","line":151,"loc":{"start":{"line":151,"column":35},"end":{"line":151,"column":55}}}},"statementMap":{"1":{"start":{"line":1,"column":0},"end":{"line":1,"column":41}},"2":{"start":{"line":2,"column":0},"end":{"line":2,"column":36}},"3":{"start":{"line":3,"column":0},"end":{"line":3,"column":82}},"4":{"start":{"line":4,"column":0},"end":{"line":4,"column":27}},"5":{"start":{"line":5,"column":0},"end":{"line":5,"column":24}},"6":{"start":{"line":6,"column":0},"end":{"line":6,"column":35}},"7":{"start":{"line":8,"column":0},"end":{"line":162,"column":3}},"8":{"start":{"line":10,"column":2},"end":{"line":10,"column":18}},"9":{"start":{"line":12,"column":2},"end":{"line":16,"column":5}},"10":{"start":{"line":13,"column":4},"end":{"line":13,"column":24}},"11":{"start":{"line":14,"column":4},"end":{"line":14,"column":84}},"12":{"start":{"line":15,"column":4},"end":{"line":15,"column":22}},"13":{"start":{"line":18,"column":2},"end":{"line":22,"column":5}},"14":{"start":{"line":19,"column":4},"end":{"line":19,"column":23}},"15":{"start":{"line":20,"column":4},"end":{"line":21,"column":15}},"16":{"start":{"line":24,"column":2},"end":{"line":26,"column":5}},"17":{"start":{"line":25,"column":4},"end":{"line":25,"column":21}},"18":{"start":{"line":28,"column":2},"end":{"line":65,"column":5}},"19":{"start":{"line":30,"column":4},"end":{"line":37,"column":7}},"20":{"start":{"line":31,"column":6},"end":{"line":36,"column":20}},"21":{"start":{"line":33,"column":10},"end":{"line":33,"column":37}},"22":{"start":{"line":34,"column":10},"end":{"line":34,"column":91}},"23":{"start":{"line":39,"column":4},"end":{"line":46,"column":7}},"24":{"start":{"line":40,"column":6},"end":{"line":45,"column":20}},"25":{"start":{"line":42,"column":10},"end":{"line":42,"column":37}},"26":{"start":{"line":43,"column":10},"end":{"line":43,"column":143}},"27":{"start":{"line":48,"column":4},"end":{"line":55,"column":7}},"28":{"start":{"line":49,"column":6},"end":{"line":54,"column":20}},"29":{"start":{"line":51,"column":10},"end":{"line":51,"column":37}},"30":{"start":{"line":52,"column":10},"end":{"line":52,"column":40}},"31":{"start":{"line":57,"column":4},"end":{"line":64,"column":7}},"32":{"start":{"line":58,"column":6},"end":{"line":63,"column":20}},"33":{"start":{"line":60,"column":10},"end":{"line":60,"column":37}},"34":{"start":{"line":61,"column":10},"end":{"line":61,"column":40}},"35":{"start":{"line":67,"column":2},"end":{"line":156,"column":5}},"36":{"start":{"line":69,"column":4},"end":{"line":82,"column":7}},"37":{"start":{"line":70,"column":6},"end":{"line":81,"column":20}},"38":{"start":{"line":79,"column":10},"end":{"line":79,"column":91}},"39":{"start":{"line":84,"column":4},"end":{"line":93,"column":7}},"40":{"start":{"line":85,"column":6},"end":{"line":92,"column":20}},"41":{"start":{"line":90,"column":10},"end":{"line":90,"column":81}},"42":{"start":{"line":95,"column":4},"end":{"line":109,"column":7}},"43":{"start":{"line":96,"column":6},"end":{"line":108,"column":20}},"44":{"start":{"line":106,"column":10},"end":{"line":106,"column":85}},"45":{"start":{"line":111,"column":4},"end":{"line":130,"column":7}},"46":{"start":{"line":112,"column":6},"end":{"line":129,"column":20}},"47":{"start":{"line":127,"column":10},"end":{"line":127,"column":85}},"48":{"start":{"line":132,"column":4},"end":{"line":155,"column":7}},"49":{"start":{"line":133,"column":6},"end":{"line":154,"column":20}},"50":{"start":{"line":152,"column":10},"end":{"line":152,"column":129}},"51":{"start":{"line":160,"column":2},"end":{"line":160,"column":15}}},"branchMap":{"1":{"line":3,"type":"binary-expr","locations":[{"start":{"line":3,"column":15},"end":{"line":3,"column":39}},{"start":{"line":3,"column":43},"end":{"line":3,"column":81}}]}}},"/Users/Mimmo/Projects/playlister/test/ppEventPage.js":{"path":"/Users/Mimmo/Projects/playlister/test/ppEventPage.js","s":{"1":1,"2":1,"3":1,"4":1,"5":1,"6":1,"7":1,"8":1,"9":1,"10":3,"11":1,"12":1,"13":1,"14":1,"15":1,"16":1,"17":1,"18":1,"19":1,"20":1,"21":1,"22":1,"23":1},"b":{},"f":{"1":1,"2":1,"3":3,"4":1,"5":1,"6":1,"7":1,"8":1,"9":1,"10":1,"11":1,"12":1},"fnMap":{"1":{"name":"(anonymous_1)","line":4,"loc":{"start":{"line":4,"column":28},"end":{"line":4,"column":39}}},"2":{"name":"(anonymous_2)","line":8,"loc":{"start":{"line":8,"column":9},"end":{"line":8,"column":24}}},"3":{"name":"(anonymous_3)","line":14,"loc":{"start":{"line":14,"column":13},"end":{"line":14,"column":28}}},"4":{"name":"(anonymous_4)","line":19,"loc":{"start":{"line":19,"column":8},"end":{"line":19,"column":23}}},"5":{"name":"(anonymous_5)","line":23,"loc":{"start":{"line":23,"column":43},"end":{"line":23,"column":54}}},"6":{"name":"(anonymous_6)","line":25,"loc":{"start":{"line":25,"column":30},"end":{"line":25,"column":45}}},"7":{"name":"(anonymous_7)","line":27,"loc":{"start":{"line":27,"column":32},"end":{"line":27,"column":52}}},"8":{"name":"(anonymous_8)","line":33,"loc":{"start":{"line":33,"column":40},"end":{"line":33,"column":55}}},"9":{"name":"(anonymous_9)","line":35,"loc":{"start":{"line":35,"column":41},"end":{"line":35,"column":64}}},"10":{"name":"(anonymous_10)","line":42,"loc":{"start":{"line":42,"column":56},"end":{"line":42,"column":67}}},"11":{"name":"(anonymous_11)","line":44,"loc":{"start":{"line":44,"column":46},"end":{"line":44,"column":61}}},"12":{"name":"(anonymous_12)","line":47,"loc":{"start":{"line":47,"column":32},"end":{"line":47,"column":52}}}},"statementMap":{"1":{"start":{"line":1,"column":0},"end":{"line":1,"column":41}},"2":{"start":{"line":2,"column":0},"end":{"line":2,"column":36}},"3":{"start":{"line":4,"column":0},"end":{"line":54,"column":3}},"4":{"start":{"line":6,"column":2},"end":{"line":6,"column":18}},"5":{"start":{"line":8,"column":2},"end":{"line":12,"column":5}},"6":{"start":{"line":9,"column":4},"end":{"line":9,"column":23}},"7":{"start":{"line":10,"column":4},"end":{"line":10,"column":84}},"8":{"start":{"line":11,"column":4},"end":{"line":11,"column":22}},"9":{"start":{"line":14,"column":2},"end":{"line":17,"column":5}},"10":{"start":{"line":15,"column":4},"end":{"line":16,"column":15}},"11":{"start":{"line":19,"column":2},"end":{"line":21,"column":5}},"12":{"start":{"line":20,"column":4},"end":{"line":20,"column":21}},"13":{"start":{"line":23,"column":2},"end":{"line":40,"column":5}},"14":{"start":{"line":25,"column":4},"end":{"line":31,"column":7}},"15":{"start":{"line":26,"column":6},"end":{"line":30,"column":20}},"16":{"start":{"line":28,"column":10},"end":{"line":28,"column":50}},"17":{"start":{"line":33,"column":4},"end":{"line":39,"column":7}},"18":{"start":{"line":34,"column":6},"end":{"line":38,"column":20}},"19":{"start":{"line":36,"column":10},"end":{"line":36,"column":40}},"20":{"start":{"line":42,"column":2},"end":{"line":52,"column":5}},"21":{"start":{"line":44,"column":4},"end":{"line":51,"column":7}},"22":{"start":{"line":45,"column":6},"end":{"line":50,"column":20}},"23":{"start":{"line":48,"column":10},"end":{"line":48,"column":50}}},"branchMap":{}},"/Users/Mimmo/Projects/playlister/test/ppHomePage.js":{"path":"/Users/Mimmo/Projects/playlister/test/ppHomePage.js","s":{"1":1,"2":1,"3":1,"4":1,"5":1,"6":1,"7":1,"8":1,"9":1,"10":3,"11":1,"12":1,"13":1,"14":1,"15":1,"16":1,"17":1,"18":1,"19":1,"20":1,"21":1,"22":1,"23":1,"24":1,"25":1},"b":{},"f":{"1":1,"2":1,"3":3,"4":1,"5":1,"6":1,"7":1,"8":1,"9":1,"10":1,"11":1},"fnMap":{"1":{"name":"(anonymous_1)","line":4,"loc":{"start":{"line":4,"column":21},"end":{"line":4,"column":32}}},"2":{"name":"(anonymous_2)","line":8,"loc":{"start":{"line":8,"column":9},"end":{"line":8,"column":24}}},"3":{"name":"(anonymous_3)","line":14,"loc":{"start":{"line":14,"column":13},"end":{"line":14,"column":28}}},"4":{"name":"(anonymous_4)","line":19,"loc":{"start":{"line":19,"column":8},"end":{"line":19,"column":23}}},"5":{"name":"(anonymous_5)","line":23,"loc":{"start":{"line":23,"column":44},"end":{"line":23,"column":55}}},"6":{"name":"(anonymous_6)","line":25,"loc":{"start":{"line":25,"column":30},"end":{"line":25,"column":45}}},"7":{"name":"(anonymous_7)","line":27,"loc":{"start":{"line":27,"column":35},"end":{"line":27,"column":55}}},"8":{"name":"(anonymous_8)","line":34,"loc":{"start":{"line":34,"column":33},"end":{"line":34,"column":48}}},"9":{"name":"(anonymous_9)","line":36,"loc":{"start":{"line":36,"column":38},"end":{"line":36,"column":58}}},"10":{"name":"(anonymous_10)","line":43,"loc":{"start":{"line":43,"column":53},"end":{"line":43,"column":68}}},"11":{"name":"(anonymous_11)","line":45,"loc":{"start":{"line":45,"column":35},"end":{"line":45,"column":55}}}},"statementMap":{"1":{"start":{"line":1,"column":0},"end":{"line":1,"column":41}},"2":{"start":{"line":2,"column":0},"end":{"line":2,"column":36}},"3":{"start":{"line":4,"column":0},"end":{"line":54,"column":3}},"4":{"start":{"line":6,"column":2},"end":{"line":6,"column":18}},"5":{"start":{"line":8,"column":2},"end":{"line":12,"column":5}},"6":{"start":{"line":9,"column":4},"end":{"line":9,"column":23}},"7":{"start":{"line":10,"column":4},"end":{"line":10,"column":84}},"8":{"start":{"line":11,"column":4},"end":{"line":11,"column":22}},"9":{"start":{"line":14,"column":2},"end":{"line":17,"column":5}},"10":{"start":{"line":15,"column":4},"end":{"line":16,"column":15}},"11":{"start":{"line":19,"column":2},"end":{"line":21,"column":5}},"12":{"start":{"line":20,"column":4},"end":{"line":20,"column":21}},"13":{"start":{"line":23,"column":2},"end":{"line":52,"column":5}},"14":{"start":{"line":25,"column":4},"end":{"line":32,"column":7}},"15":{"start":{"line":26,"column":6},"end":{"line":31,"column":20}},"16":{"start":{"line":28,"column":10},"end":{"line":28,"column":37}},"17":{"start":{"line":29,"column":10},"end":{"line":29,"column":48}},"18":{"start":{"line":34,"column":4},"end":{"line":41,"column":7}},"19":{"start":{"line":35,"column":6},"end":{"line":40,"column":20}},"20":{"start":{"line":37,"column":10},"end":{"line":37,"column":37}},"21":{"start":{"line":38,"column":10},"end":{"line":38,"column":61}},"22":{"start":{"line":43,"column":4},"end":{"line":50,"column":7}},"23":{"start":{"line":44,"column":6},"end":{"line":49,"column":20}},"24":{"start":{"line":46,"column":10},"end":{"line":46,"column":37}},"25":{"start":{"line":47,"column":10},"end":{"line":47,"column":52}}},"branchMap":{}},"/Users/Mimmo/Projects/playlister/test/ppUserPage.js":{"path":"/Users/Mimmo/Projects/playlister/test/ppUserPage.js","s":{"1":1,"2":1,"3":1,"4":1,"5":1,"6":1,"7":1,"8":1,"9":1,"10":4,"11":1,"12":1,"13":1,"14":1,"15":1,"16":1,"17":1,"18":1,"19":1,"20":1,"21":1,"22":1,"23":1,"24":1,"25":1,"26":1,"27":1,"28":1,"29":1},"b":{},"f":{"1":1,"2":1,"3":4,"4":1,"5":1,"6":1,"7":1,"8":1,"9":1,"10":1,"11":1,"12":1,"13":1,"14":1,"15":1},"fnMap":{"1":{"name":"(anonymous_1)","line":4,"loc":{"start":{"line":4,"column":32},"end":{"line":4,"column":43}}},"2":{"name":"(anonymous_2)","line":8,"loc":{"start":{"line":8,"column":9},"end":{"line":8,"column":24}}},"3":{"name":"(anonymous_3)","line":14,"loc":{"start":{"line":14,"column":13},"end":{"line":14,"column":28}}},"4":{"name":"(anonymous_4)","line":19,"loc":{"start":{"line":19,"column":8},"end":{"line":19,"column":23}}},"5":{"name":"(anonymous_5)","line":23,"loc":{"start":{"line":23,"column":39},"end":{"line":23,"column":50}}},"6":{"name":"(anonymous_6)","line":25,"loc":{"start":{"line":25,"column":30},"end":{"line":25,"column":45}}},"7":{"name":"(anonymous_7)","line":27,"loc":{"start":{"line":27,"column":34},"end":{"line":27,"column":54}}},"8":{"name":"(anonymous_8)","line":34,"loc":{"start":{"line":34,"column":47},"end":{"line":34,"column":62}}},"9":{"name":"(anonymous_9)","line":36,"loc":{"start":{"line":36,"column":44},"end":{"line":36,"column":67}}},"10":{"name":"(anonymous_10)","line":45,"loc":{"start":{"line":45,"column":56},"end":{"line":45,"column":67}}},"11":{"name":"(anonymous_11)","line":47,"loc":{"start":{"line":47,"column":38},"end":{"line":47,"column":53}}},"12":{"name":"(anonymous_12)","line":51,"loc":{"start":{"line":51,"column":35},"end":{"line":51,"column":55}}},"13":{"name":"(anonymous_13)","line":59,"loc":{"start":{"line":59,"column":65},"end":{"line":59,"column":76}}},"14":{"name":"(anonymous_14)","line":61,"loc":{"start":{"line":61,"column":42},"end":{"line":61,"column":57}}},"15":{"name":"(anonymous_15)","line":67,"loc":{"start":{"line":67,"column":32},"end":{"line":67,"column":52}}}},"statementMap":{"1":{"start":{"line":1,"column":0},"end":{"line":1,"column":41}},"2":{"start":{"line":2,"column":0},"end":{"line":2,"column":36}},"3":{"start":{"line":4,"column":0},"end":{"line":75,"column":3}},"4":{"start":{"line":6,"column":2},"end":{"line":6,"column":18}},"5":{"start":{"line":8,"column":2},"end":{"line":12,"column":5}},"6":{"start":{"line":9,"column":4},"end":{"line":9,"column":23}},"7":{"start":{"line":10,"column":4},"end":{"line":10,"column":84}},"8":{"start":{"line":11,"column":4},"end":{"line":11,"column":22}},"9":{"start":{"line":14,"column":2},"end":{"line":17,"column":5}},"10":{"start":{"line":15,"column":4},"end":{"line":16,"column":15}},"11":{"start":{"line":19,"column":2},"end":{"line":21,"column":5}},"12":{"start":{"line":20,"column":4},"end":{"line":20,"column":21}},"13":{"start":{"line":23,"column":2},"end":{"line":43,"column":5}},"14":{"start":{"line":25,"column":4},"end":{"line":32,"column":7}},"15":{"start":{"line":26,"column":6},"end":{"line":31,"column":20}},"16":{"start":{"line":28,"column":10},"end":{"line":28,"column":37}},"17":{"start":{"line":29,"column":10},"end":{"line":29,"column":66}},"18":{"start":{"line":34,"column":4},"end":{"line":41,"column":7}},"19":{"start":{"line":35,"column":6},"end":{"line":40,"column":20}},"20":{"start":{"line":37,"column":10},"end":{"line":37,"column":37}},"21":{"start":{"line":38,"column":10},"end":{"line":38,"column":40}},"22":{"start":{"line":45,"column":2},"end":{"line":57,"column":5}},"23":{"start":{"line":47,"column":4},"end":{"line":55,"column":7}},"24":{"start":{"line":48,"column":6},"end":{"line":54,"column":20}},"25":{"start":{"line":52,"column":10},"end":{"line":52,"column":63}},"26":{"start":{"line":59,"column":2},"end":{"line":73,"column":5}},"27":{"start":{"line":61,"column":4},"end":{"line":71,"column":7}},"28":{"start":{"line":62,"column":6},"end":{"line":70,"column":20}},"29":{"start":{"line":68,"column":10},"end":{"line":68,"column":50}}},"branchMap":{}}}