{"/Users/Mimmo/Projects/playlister/test/dbhelpersTest.spec.js":{"path":"/Users/Mimmo/Projects/playlister/test/dbhelpersTest.spec.js","s":{"1":1,"2":1,"3":1,"4":1,"5":1,"6":1,"7":1,"8":1,"9":1,"10":1,"11":1,"12":1,"13":1,"14":1,"15":1,"16":1,"17":1,"18":1,"19":1,"20":1,"21":1,"22":1,"23":1,"24":1,"25":1,"26":1,"27":1,"28":1,"29":1,"30":1,"31":1,"32":1,"33":1,"34":1,"35":1,"36":1,"37":1,"38":1,"39":1,"40":1,"41":1,"42":1,"43":1,"44":1,"45":1,"46":1,"47":1,"48":1,"49":1,"50":1,"51":1,"52":1,"53":1,"54":1,"55":1,"56":1,"57":1,"58":1},"b":{},"f":{"1":1,"2":1,"3":1,"4":1,"5":1,"6":1,"7":1,"8":1,"9":1,"10":1,"11":1,"12":1,"13":1,"14":1,"15":1,"16":1,"17":1,"18":1,"19":1},"fnMap":{"1":{"name":"(anonymous_1)","line":8,"loc":{"start":{"line":8,"column":60},"end":{"line":8,"column":70}}},"2":{"name":"(anonymous_2)","line":11,"loc":{"start":{"line":11,"column":68},"end":{"line":11,"column":82}}},"3":{"name":"(anonymous_3)","line":13,"loc":{"start":{"line":13,"column":32},"end":{"line":13,"column":43}}},"4":{"name":"(anonymous_4)","line":17,"loc":{"start":{"line":17,"column":42},"end":{"line":17,"column":61}}},"5":{"name":"(anonymous_5)","line":27,"loc":{"start":{"line":27,"column":56},"end":{"line":27,"column":70}}},"6":{"name":"(anonymous_6)","line":29,"loc":{"start":{"line":29,"column":32},"end":{"line":29,"column":43}}},"7":{"name":"(anonymous_7)","line":32,"loc":{"start":{"line":32,"column":54},"end":{"line":32,"column":65}}},"8":{"name":"(anonymous_8)","line":35,"loc":{"start":{"line":35,"column":74},"end":{"line":35,"column":93}}},"9":{"name":"(anonymous_9)","line":46,"loc":{"start":{"line":46,"column":73},"end":{"line":46,"column":87}}},"10":{"name":"(anonymous_10)","line":48,"loc":{"start":{"line":48,"column":32},"end":{"line":48,"column":43}}},"11":{"name":"(anonymous_11)","line":50,"loc":{"start":{"line":50,"column":55},"end":{"line":50,"column":66}}},"12":{"name":"(anonymous_12)","line":52,"loc":{"start":{"line":52,"column":57},"end":{"line":52,"column":68}}},"13":{"name":"(anonymous_13)","line":55,"loc":{"start":{"line":55,"column":76},"end":{"line":55,"column":95}}},"14":{"name":"(anonymous_14)","line":69,"loc":{"start":{"line":69,"column":79},"end":{"line":69,"column":89}}},"15":{"name":"(anonymous_15)","line":72,"loc":{"start":{"line":72,"column":72},"end":{"line":72,"column":86}}},"16":{"name":"(anonymous_16)","line":74,"loc":{"start":{"line":74,"column":33},"end":{"line":74,"column":44}}},"17":{"name":"(anonymous_17)","line":79,"loc":{"start":{"line":79,"column":55},"end":{"line":79,"column":66}}},"18":{"name":"(anonymous_18)","line":84,"loc":{"start":{"line":84,"column":57},"end":{"line":84,"column":68}}},"19":{"name":"(anonymous_19)","line":87,"loc":{"start":{"line":87,"column":84},"end":{"line":87,"column":103}}}},"statementMap":{"1":{"start":{"line":1,"column":0},"end":{"line":1,"column":31}},"2":{"start":{"line":2,"column":0},"end":{"line":2,"column":27}},"3":{"start":{"line":3,"column":0},"end":{"line":3,"column":38}},"4":{"start":{"line":4,"column":0},"end":{"line":4,"column":31}},"5":{"start":{"line":5,"column":0},"end":{"line":5,"column":59}},"6":{"start":{"line":6,"column":0},"end":{"line":6,"column":65}},"7":{"start":{"line":8,"column":0},"end":{"line":67,"column":3}},"8":{"start":{"line":11,"column":2},"end":{"line":24,"column":5}},"9":{"start":{"line":12,"column":4},"end":{"line":12,"column":52}},"10":{"start":{"line":13,"column":4},"end":{"line":22,"column":7}},"11":{"start":{"line":14,"column":6},"end":{"line":15,"column":54}},"12":{"start":{"line":16,"column":6},"end":{"line":16,"column":70}},"13":{"start":{"line":17,"column":6},"end":{"line":21,"column":9}},"14":{"start":{"line":18,"column":8},"end":{"line":18,"column":50}},"15":{"start":{"line":19,"column":8},"end":{"line":19,"column":55}},"16":{"start":{"line":20,"column":8},"end":{"line":20,"column":56}},"17":{"start":{"line":23,"column":4},"end":{"line":23,"column":11}},"18":{"start":{"line":27,"column":2},"end":{"line":43,"column":5}},"19":{"start":{"line":28,"column":4},"end":{"line":28,"column":39}},"20":{"start":{"line":29,"column":4},"end":{"line":41,"column":7}},"21":{"start":{"line":30,"column":6},"end":{"line":31,"column":77}},"22":{"start":{"line":32,"column":6},"end":{"line":40,"column":9}},"23":{"start":{"line":33,"column":8},"end":{"line":33,"column":78}},"24":{"start":{"line":34,"column":8},"end":{"line":34,"column":44}},"25":{"start":{"line":35,"column":8},"end":{"line":39,"column":11}},"26":{"start":{"line":36,"column":12},"end":{"line":36,"column":34}},"27":{"start":{"line":37,"column":12},"end":{"line":37,"column":39}},"28":{"start":{"line":38,"column":12},"end":{"line":38,"column":55}},"29":{"start":{"line":42,"column":4},"end":{"line":42,"column":11}},"30":{"start":{"line":46,"column":2},"end":{"line":65,"column":5}},"31":{"start":{"line":47,"column":4},"end":{"line":47,"column":40}},"32":{"start":{"line":48,"column":4},"end":{"line":63,"column":7}},"33":{"start":{"line":49,"column":6},"end":{"line":49,"column":92}},"34":{"start":{"line":50,"column":6},"end":{"line":62,"column":9}},"35":{"start":{"line":51,"column":8},"end":{"line":51,"column":94}},"36":{"start":{"line":52,"column":8},"end":{"line":61,"column":11}},"37":{"start":{"line":53,"column":10},"end":{"line":53,"column":51}},"38":{"start":{"line":54,"column":10},"end":{"line":54,"column":64}},"39":{"start":{"line":55,"column":10},"end":{"line":60,"column":13}},"40":{"start":{"line":56,"column":14},"end":{"line":56,"column":36}},"41":{"start":{"line":57,"column":14},"end":{"line":57,"column":41}},"42":{"start":{"line":58,"column":14},"end":{"line":58,"column":54}},"43":{"start":{"line":59,"column":14},"end":{"line":59,"column":54}},"44":{"start":{"line":64,"column":4},"end":{"line":64,"column":11}},"45":{"start":{"line":69,"column":0},"end":{"line":97,"column":3}},"46":{"start":{"line":72,"column":2},"end":{"line":95,"column":5}},"47":{"start":{"line":73,"column":4},"end":{"line":73,"column":44}},"48":{"start":{"line":74,"column":4},"end":{"line":93,"column":7}},"49":{"start":{"line":75,"column":6},"end":{"line":78,"column":57}},"50":{"start":{"line":79,"column":6},"end":{"line":92,"column":9}},"51":{"start":{"line":80,"column":8},"end":{"line":83,"column":59}},"52":{"start":{"line":84,"column":8},"end":{"line":91,"column":11}},"53":{"start":{"line":85,"column":10},"end":{"line":85,"column":82}},"54":{"start":{"line":86,"column":10},"end":{"line":86,"column":41}},"55":{"start":{"line":87,"column":10},"end":{"line":90,"column":13}},"56":{"start":{"line":88,"column":14},"end":{"line":88,"column":36}},"57":{"start":{"line":89,"column":14},"end":{"line":89,"column":41}},"58":{"start":{"line":94,"column":4},"end":{"line":94,"column":11}}},"branchMap":{}},"/Users/Mimmo/Projects/playlister/test/mobileApp.selenium.js":{"path":"/Users/Mimmo/Projects/playlister/test/mobileApp.selenium.js","s":{"1":1,"2":1,"3":1,"4":1,"5":1,"6":1,"7":1,"8":1,"9":1,"10":1,"11":1,"12":1,"13":1,"14":1,"15":1,"16":1,"17":1,"18":1,"19":1,"20":1,"21":1,"22":1,"23":1,"24":1,"25":1,"26":1,"27":1,"28":1,"29":1,"30":1,"31":1,"32":1,"33":1,"34":1,"35":1,"36":1,"37":1,"38":1,"39":1},"b":{"1":[1,1]},"f":{"1":1,"2":1,"3":1,"4":1,"5":1,"6":1,"7":1,"8":1,"9":1,"10":1,"11":1,"12":1,"13":1,"14":1,"15":1},"fnMap":{"1":{"name":"(anonymous_1)","line":12,"loc":{"start":{"line":12,"column":33},"end":{"line":12,"column":44}}},"2":{"name":"(anonymous_2)","line":16,"loc":{"start":{"line":16,"column":9},"end":{"line":16,"column":24}}},"3":{"name":"(anonymous_3)","line":49,"loc":{"start":{"line":49,"column":8},"end":{"line":49,"column":23}}},"4":{"name":"(anonymous_4)","line":53,"loc":{"start":{"line":53,"column":36},"end":{"line":53,"column":46}}},"5":{"name":"(anonymous_5)","line":55,"loc":{"start":{"line":55,"column":73},"end":{"line":55,"column":88}}},"6":{"name":"(anonymous_6)","line":58,"loc":{"start":{"line":58,"column":25},"end":{"line":58,"column":45}}},"7":{"name":"(anonymous_7)","line":64,"loc":{"start":{"line":64,"column":82},"end":{"line":64,"column":97}}},"8":{"name":"(anonymous_8)","line":67,"loc":{"start":{"line":67,"column":25},"end":{"line":67,"column":45}}},"9":{"name":"(anonymous_9)","line":74,"loc":{"start":{"line":74,"column":57},"end":{"line":74,"column":68}}},"10":{"name":"(anonymous_10)","line":76,"loc":{"start":{"line":76,"column":56},"end":{"line":76,"column":71}}},"11":{"name":"(anonymous_11)","line":79,"loc":{"start":{"line":79,"column":25},"end":{"line":79,"column":45}}},"12":{"name":"(anonymous_12)","line":85,"loc":{"start":{"line":85,"column":58},"end":{"line":85,"column":73}}},"13":{"name":"(anonymous_13)","line":88,"loc":{"start":{"line":88,"column":25},"end":{"line":88,"column":45}}},"14":{"name":"(anonymous_14)","line":94,"loc":{"start":{"line":94,"column":76},"end":{"line":94,"column":91}}},"15":{"name":"(anonymous_15)","line":97,"loc":{"start":{"line":97,"column":25},"end":{"line":97,"column":45}}}},"statementMap":{"1":{"start":{"line":1,"column":0},"end":{"line":1,"column":41}},"2":{"start":{"line":2,"column":0},"end":{"line":2,"column":36}},"3":{"start":{"line":3,"column":0},"end":{"line":3,"column":82}},"4":{"start":{"line":4,"column":0},"end":{"line":4,"column":27}},"5":{"start":{"line":5,"column":0},"end":{"line":5,"column":24}},"6":{"start":{"line":6,"column":0},"end":{"line":6,"column":52}},"7":{"start":{"line":7,"column":0},"end":{"line":7,"column":39}},"8":{"start":{"line":8,"column":0},"end":{"line":8,"column":37}},"9":{"start":{"line":9,"column":0},"end":{"line":9,"column":47}},"10":{"start":{"line":10,"column":0},"end":{"line":10,"column":58}},"11":{"start":{"line":12,"column":0},"end":{"line":105,"column":3}},"12":{"start":{"line":14,"column":2},"end":{"line":14,"column":17}},"13":{"start":{"line":16,"column":2},"end":{"line":47,"column":5}},"14":{"start":{"line":17,"column":4},"end":{"line":17,"column":25}},"15":{"start":{"line":18,"column":4},"end":{"line":22,"column":7}},"16":{"start":{"line":24,"column":4},"end":{"line":28,"column":7}},"17":{"start":{"line":30,"column":4},"end":{"line":36,"column":7}},"18":{"start":{"line":38,"column":4},"end":{"line":43,"column":7}},"19":{"start":{"line":45,"column":4},"end":{"line":45,"column":84}},"20":{"start":{"line":46,"column":4},"end":{"line":46,"column":22}},"21":{"start":{"line":49,"column":2},"end":{"line":51,"column":5}},"22":{"start":{"line":50,"column":4},"end":{"line":50,"column":21}},"23":{"start":{"line":53,"column":2},"end":{"line":72,"column":5}},"24":{"start":{"line":55,"column":4},"end":{"line":62,"column":7}},"25":{"start":{"line":56,"column":6},"end":{"line":61,"column":20}},"26":{"start":{"line":59,"column":10},"end":{"line":59,"column":75}},"27":{"start":{"line":64,"column":4},"end":{"line":71,"column":7}},"28":{"start":{"line":65,"column":6},"end":{"line":70,"column":20}},"29":{"start":{"line":68,"column":10},"end":{"line":68,"column":79}},"30":{"start":{"line":74,"column":2},"end":{"line":103,"column":5}},"31":{"start":{"line":76,"column":4},"end":{"line":83,"column":7}},"32":{"start":{"line":77,"column":6},"end":{"line":82,"column":20}},"33":{"start":{"line":80,"column":10},"end":{"line":80,"column":102}},"34":{"start":{"line":85,"column":4},"end":{"line":92,"column":7}},"35":{"start":{"line":86,"column":6},"end":{"line":91,"column":20}},"36":{"start":{"line":89,"column":10},"end":{"line":89,"column":106}},"37":{"start":{"line":94,"column":4},"end":{"line":101,"column":7}},"38":{"start":{"line":95,"column":6},"end":{"line":100,"column":20}},"39":{"start":{"line":98,"column":10},"end":{"line":98,"column":94}}},"branchMap":{"1":{"line":3,"type":"binary-expr","locations":[{"start":{"line":3,"column":15},"end":{"line":3,"column":39}},{"start":{"line":3,"column":43},"end":{"line":3,"column":81}}]}}},"/Users/Mimmo/Projects/playlister/test/modelPartyGoer.spec.js":{"path":"/Users/Mimmo/Projects/playlister/test/modelPartyGoer.spec.js","s":{"1":1,"2":1,"3":1,"4":1,"5":1,"6":1,"7":1,"8":1,"9":1,"10":1,"11":1,"12":1,"13":1,"14":1,"15":1,"16":1},"b":{},"f":{"1":1,"2":1,"3":1,"4":1},"fnMap":{"1":{"name":"(anonymous_1)","line":7,"loc":{"start":{"line":7,"column":29},"end":{"line":7,"column":40}}},"2":{"name":"(anonymous_2)","line":10,"loc":{"start":{"line":10,"column":33},"end":{"line":10,"column":48}}},"3":{"name":"(anonymous_3)","line":11,"loc":{"start":{"line":11,"column":32},"end":{"line":11,"column":43}}},"4":{"name":"(anonymous_4)","line":14,"loc":{"start":{"line":14,"column":42},"end":{"line":14,"column":61}}}},"statementMap":{"1":{"start":{"line":1,"column":0},"end":{"line":1,"column":31}},"2":{"start":{"line":2,"column":0},"end":{"line":2,"column":27}},"3":{"start":{"line":3,"column":0},"end":{"line":3,"column":38}},"4":{"start":{"line":4,"column":0},"end":{"line":4,"column":31}},"5":{"start":{"line":5,"column":0},"end":{"line":5,"column":57}},"6":{"start":{"line":7,"column":0},"end":{"line":25,"column":3}},"7":{"start":{"line":10,"column":2},"end":{"line":23,"column":5}},"8":{"start":{"line":11,"column":4},"end":{"line":21,"column":7}},"9":{"start":{"line":12,"column":6},"end":{"line":13,"column":87}},"10":{"start":{"line":14,"column":6},"end":{"line":20,"column":9}},"11":{"start":{"line":15,"column":8},"end":{"line":15,"column":30}},"12":{"start":{"line":16,"column":8},"end":{"line":16,"column":35}},"13":{"start":{"line":17,"column":8},"end":{"line":17,"column":52}},"14":{"start":{"line":18,"column":8},"end":{"line":18,"column":57}},"15":{"start":{"line":19,"column":8},"end":{"line":19,"column":54}},"16":{"start":{"line":22,"column":4},"end":{"line":22,"column":11}}},"branchMap":{}},"/Users/Mimmo/Projects/playlister/test/modelPartyPlanner.spec.js":{"path":"/Users/Mimmo/Projects/playlister/test/modelPartyPlanner.spec.js","s":{"1":1,"2":1,"3":1,"4":1,"5":1,"6":1,"7":1,"8":1,"9":1,"10":1,"11":1,"12":1,"13":1,"14":1,"15":1,"16":1,"17":1,"18":0,"19":0,"20":0,"21":0,"22":0,"23":0,"24":0,"25":0,"26":0,"27":1,"28":0,"29":0,"30":0,"31":0,"32":0,"33":0,"34":0,"35":0,"36":0,"37":0},"b":{},"f":{"1":1,"2":1,"3":1,"4":1,"5":0,"6":0,"7":0,"8":0,"9":0},"fnMap":{"1":{"name":"(anonymous_1)","line":7,"loc":{"start":{"line":7,"column":32},"end":{"line":7,"column":43}}},"2":{"name":"(anonymous_2)","line":9,"loc":{"start":{"line":9,"column":35},"end":{"line":9,"column":50}}},"3":{"name":"(anonymous_3)","line":10,"loc":{"start":{"line":10,"column":28},"end":{"line":10,"column":39}}},"4":{"name":"(anonymous_4)","line":12,"loc":{"start":{"line":12,"column":38},"end":{"line":12,"column":57}}},"5":{"name":"(anonymous_5)","line":24,"loc":{"start":{"line":24,"column":35},"end":{"line":24,"column":50}}},"6":{"name":"(anonymous_6)","line":25,"loc":{"start":{"line":25,"column":40},"end":{"line":25,"column":51}}},"7":{"name":"(anonymous_7)","line":27,"loc":{"start":{"line":27,"column":50},"end":{"line":27,"column":69}}},"8":{"name":"(anonymous_8)","line":39,"loc":{"start":{"line":39,"column":35},"end":{"line":39,"column":50}}},"9":{"name":"(anonymous_9)","line":42,"loc":{"start":{"line":42,"column":35},"end":{"line":42,"column":54}}}},"statementMap":{"1":{"start":{"line":1,"column":0},"end":{"line":1,"column":31}},"2":{"start":{"line":2,"column":0},"end":{"line":2,"column":27}},"3":{"start":{"line":3,"column":0},"end":{"line":3,"column":38}},"4":{"start":{"line":4,"column":0},"end":{"line":4,"column":31}},"5":{"start":{"line":5,"column":0},"end":{"line":5,"column":63}},"6":{"start":{"line":7,"column":0},"end":{"line":53,"column":3}},"7":{"start":{"line":9,"column":2},"end":{"line":21,"column":5}},"8":{"start":{"line":10,"column":4},"end":{"line":19,"column":7}},"9":{"start":{"line":11,"column":6},"end":{"line":11,"column":66}},"10":{"start":{"line":12,"column":6},"end":{"line":18,"column":9}},"11":{"start":{"line":13,"column":8},"end":{"line":13,"column":30}},"12":{"start":{"line":14,"column":8},"end":{"line":14,"column":35}},"13":{"start":{"line":15,"column":8},"end":{"line":15,"column":52}},"14":{"start":{"line":16,"column":8},"end":{"line":16,"column":49}},"15":{"start":{"line":17,"column":8},"end":{"line":17,"column":48}},"16":{"start":{"line":20,"column":4},"end":{"line":20,"column":11}},"17":{"start":{"line":24,"column":2},"end":{"line":36,"column":5}},"18":{"start":{"line":25,"column":4},"end":{"line":34,"column":7}},"19":{"start":{"line":26,"column":6},"end":{"line":26,"column":88}},"20":{"start":{"line":27,"column":6},"end":{"line":33,"column":9}},"21":{"start":{"line":28,"column":8},"end":{"line":28,"column":30}},"22":{"start":{"line":29,"column":8},"end":{"line":29,"column":35}},"23":{"start":{"line":30,"column":8},"end":{"line":30,"column":43}},"24":{"start":{"line":31,"column":8},"end":{"line":31,"column":64}},"25":{"start":{"line":32,"column":8},"end":{"line":32,"column":64}},"26":{"start":{"line":35,"column":4},"end":{"line":35,"column":11}},"27":{"start":{"line":39,"column":2},"end":{"line":51,"column":5}},"28":{"start":{"line":40,"column":4},"end":{"line":40,"column":29}},"29":{"start":{"line":41,"column":4},"end":{"line":41,"column":97}},"30":{"start":{"line":42,"column":4},"end":{"line":49,"column":7}},"31":{"start":{"line":43,"column":6},"end":{"line":43,"column":28}},"32":{"start":{"line":44,"column":6},"end":{"line":44,"column":33}},"33":{"start":{"line":45,"column":6},"end":{"line":45,"column":49}},"34":{"start":{"line":46,"column":6},"end":{"line":46,"column":50}},"35":{"start":{"line":47,"column":6},"end":{"line":47,"column":50}},"36":{"start":{"line":48,"column":6},"end":{"line":48,"column":56}},"37":{"start":{"line":50,"column":4},"end":{"line":50,"column":11}}},"branchMap":{}},"/Users/Mimmo/Projects/playlister/test/pgGetSongs.selenium.js":{"path":"/Users/Mimmo/Projects/playlister/test/pgGetSongs.selenium.js","s":{"1":1,"2":1,"3":1,"4":1,"5":1,"6":1,"7":1,"8":1,"9":1,"10":1,"11":1,"12":1,"13":1,"14":11,"15":11,"16":1,"17":1,"18":1,"19":1,"20":1,"21":1,"22":1,"23":1,"24":1,"25":1,"26":1,"27":1,"28":1,"29":1,"30":1,"31":1,"32":1,"33":1,"34":1,"35":1,"36":1,"37":1,"38":1,"39":1,"40":1,"41":1,"42":1,"43":1,"44":1,"45":1,"46":1,"47":1,"48":1,"49":1,"50":1,"51":1,"52":1,"53":1,"54":1,"55":1,"56":1,"57":1},"b":{"1":[1,1]},"f":{"1":1,"2":1,"3":11,"4":1,"5":1,"6":1,"7":1,"8":1,"9":1,"10":1,"11":1,"12":1,"13":1,"14":1,"15":1,"16":1,"17":1,"18":1,"19":1,"20":1,"21":1,"22":1,"23":1,"24":1,"25":1,"26":1,"27":1,"28":1},"fnMap":{"1":{"name":"(anonymous_1)","line":8,"loc":{"start":{"line":8,"column":44},"end":{"line":8,"column":55}}},"2":{"name":"(anonymous_2)","line":12,"loc":{"start":{"line":12,"column":9},"end":{"line":12,"column":24}}},"3":{"name":"(anonymous_3)","line":18,"loc":{"start":{"line":18,"column":13},"end":{"line":18,"column":28}}},"4":{"name":"(anonymous_4)","line":24,"loc":{"start":{"line":24,"column":8},"end":{"line":24,"column":23}}},"5":{"name":"(anonymous_5)","line":28,"loc":{"start":{"line":28,"column":39},"end":{"line":28,"column":50}}},"6":{"name":"(anonymous_6)","line":30,"loc":{"start":{"line":30,"column":30},"end":{"line":30,"column":45}}},"7":{"name":"(anonymous_7)","line":32,"loc":{"start":{"line":32,"column":30},"end":{"line":32,"column":50}}},"8":{"name":"(anonymous_8)","line":39,"loc":{"start":{"line":39,"column":33},"end":{"line":39,"column":48}}},"9":{"name":"(anonymous_9)","line":41,"loc":{"start":{"line":41,"column":33},"end":{"line":41,"column":53}}},"10":{"name":"(anonymous_10)","line":48,"loc":{"start":{"line":48,"column":36},"end":{"line":48,"column":51}}},"11":{"name":"(anonymous_11)","line":50,"loc":{"start":{"line":50,"column":41},"end":{"line":50,"column":64}}},"12":{"name":"(anonymous_12)","line":57,"loc":{"start":{"line":57,"column":46},"end":{"line":57,"column":61}}},"13":{"name":"(anonymous_13)","line":59,"loc":{"start":{"line":59,"column":37},"end":{"line":59,"column":60}}},"14":{"name":"(anonymous_14)","line":67,"loc":{"start":{"line":67,"column":38},"end":{"line":67,"column":49}}},"15":{"name":"(anonymous_15)","line":69,"loc":{"start":{"line":69,"column":66},"end":{"line":69,"column":81}}},"16":{"name":"(anonymous_16)","line":78,"loc":{"start":{"line":78,"column":30},"end":{"line":78,"column":50}}},"17":{"name":"(anonymous_17)","line":84,"loc":{"start":{"line":84,"column":37},"end":{"line":84,"column":52}}},"18":{"name":"(anonymous_18)","line":89,"loc":{"start":{"line":89,"column":29},"end":{"line":89,"column":49}}},"19":{"name":"(anonymous_19)","line":95,"loc":{"start":{"line":95,"column":42},"end":{"line":95,"column":57}}},"20":{"name":"(anonymous_20)","line":105,"loc":{"start":{"line":105,"column":31},"end":{"line":105,"column":51}}},"21":{"name":"(anonymous_21)","line":111,"loc":{"start":{"line":111,"column":57},"end":{"line":111,"column":72}}},"22":{"name":"(anonymous_22)","line":126,"loc":{"start":{"line":126,"column":31},"end":{"line":126,"column":51}}},"23":{"name":"(anonymous_23)","line":132,"loc":{"start":{"line":132,"column":66},"end":{"line":132,"column":81}}},"24":{"name":"(anonymous_24)","line":138,"loc":{"start":{"line":138,"column":34},"end":{"line":138,"column":54}}},"25":{"name":"(anonymous_25)","line":144,"loc":{"start":{"line":144,"column":69},"end":{"line":144,"column":84}}},"26":{"name":"(anonymous_26)","line":161,"loc":{"start":{"line":161,"column":34},"end":{"line":161,"column":54}}},"27":{"name":"(anonymous_27)","line":167,"loc":{"start":{"line":167,"column":32},"end":{"line":167,"column":47}}},"28":{"name":"(anonymous_28)","line":171,"loc":{"start":{"line":171,"column":30},"end":{"line":171,"column":50}}}},"statementMap":{"1":{"start":{"line":1,"column":0},"end":{"line":1,"column":41}},"2":{"start":{"line":2,"column":0},"end":{"line":2,"column":36}},"3":{"start":{"line":3,"column":0},"end":{"line":3,"column":82}},"4":{"start":{"line":4,"column":0},"end":{"line":4,"column":27}},"5":{"start":{"line":5,"column":0},"end":{"line":5,"column":24}},"6":{"start":{"line":6,"column":0},"end":{"line":6,"column":35}},"7":{"start":{"line":8,"column":0},"end":{"line":180,"column":3}},"8":{"start":{"line":10,"column":2},"end":{"line":10,"column":18}},"9":{"start":{"line":12,"column":2},"end":{"line":16,"column":5}},"10":{"start":{"line":13,"column":4},"end":{"line":13,"column":24}},"11":{"start":{"line":14,"column":4},"end":{"line":14,"column":84}},"12":{"start":{"line":15,"column":4},"end":{"line":15,"column":22}},"13":{"start":{"line":18,"column":2},"end":{"line":22,"column":5}},"14":{"start":{"line":19,"column":4},"end":{"line":19,"column":23}},"15":{"start":{"line":20,"column":4},"end":{"line":21,"column":16}},"16":{"start":{"line":24,"column":2},"end":{"line":26,"column":5}},"17":{"start":{"line":25,"column":4},"end":{"line":25,"column":21}},"18":{"start":{"line":28,"column":2},"end":{"line":65,"column":5}},"19":{"start":{"line":30,"column":4},"end":{"line":37,"column":7}},"20":{"start":{"line":31,"column":6},"end":{"line":36,"column":20}},"21":{"start":{"line":33,"column":10},"end":{"line":33,"column":37}},"22":{"start":{"line":34,"column":10},"end":{"line":34,"column":91}},"23":{"start":{"line":39,"column":4},"end":{"line":46,"column":7}},"24":{"start":{"line":40,"column":6},"end":{"line":45,"column":20}},"25":{"start":{"line":42,"column":10},"end":{"line":42,"column":37}},"26":{"start":{"line":43,"column":10},"end":{"line":43,"column":143}},"27":{"start":{"line":48,"column":4},"end":{"line":55,"column":7}},"28":{"start":{"line":49,"column":6},"end":{"line":54,"column":20}},"29":{"start":{"line":51,"column":10},"end":{"line":51,"column":37}},"30":{"start":{"line":52,"column":10},"end":{"line":52,"column":40}},"31":{"start":{"line":57,"column":4},"end":{"line":64,"column":7}},"32":{"start":{"line":58,"column":6},"end":{"line":63,"column":20}},"33":{"start":{"line":60,"column":10},"end":{"line":60,"column":37}},"34":{"start":{"line":61,"column":10},"end":{"line":61,"column":40}},"35":{"start":{"line":67,"column":2},"end":{"line":176,"column":5}},"36":{"start":{"line":69,"column":4},"end":{"line":82,"column":7}},"37":{"start":{"line":70,"column":6},"end":{"line":81,"column":20}},"38":{"start":{"line":79,"column":10},"end":{"line":79,"column":91}},"39":{"start":{"line":84,"column":4},"end":{"line":93,"column":7}},"40":{"start":{"line":85,"column":6},"end":{"line":92,"column":20}},"41":{"start":{"line":90,"column":10},"end":{"line":90,"column":81}},"42":{"start":{"line":95,"column":4},"end":{"line":109,"column":7}},"43":{"start":{"line":96,"column":6},"end":{"line":108,"column":20}},"44":{"start":{"line":106,"column":10},"end":{"line":106,"column":85}},"45":{"start":{"line":111,"column":4},"end":{"line":130,"column":9}},"46":{"start":{"line":112,"column":6},"end":{"line":129,"column":20}},"47":{"start":{"line":127,"column":10},"end":{"line":127,"column":85}},"48":{"start":{"line":132,"column":4},"end":{"line":142,"column":7}},"49":{"start":{"line":133,"column":6},"end":{"line":141,"column":20}},"50":{"start":{"line":139,"column":10},"end":{"line":139,"column":58}},"51":{"start":{"line":144,"column":4},"end":{"line":165,"column":7}},"52":{"start":{"line":145,"column":6},"end":{"line":164,"column":20}},"53":{"start":{"line":162,"column":10},"end":{"line":162,"column":76}},"54":{"start":{"line":167,"column":4},"end":{"line":175,"column":7}},"55":{"start":{"line":168,"column":6},"end":{"line":174,"column":19}},"56":{"start":{"line":172,"column":10},"end":{"line":172,"column":91}},"57":{"start":{"line":178,"column":2},"end":{"line":178,"column":15}}},"branchMap":{"1":{"line":3,"type":"binary-expr","locations":[{"start":{"line":3,"column":15},"end":{"line":3,"column":39}},{"start":{"line":3,"column":43},"end":{"line":3,"column":81}}]}}},"/Users/Mimmo/Projects/playlister/test/ppEventPage.selenium.js":{"path":"/Users/Mimmo/Projects/playlister/test/ppEventPage.selenium.js","s":{"1":1,"2":1,"3":1,"4":1,"5":1,"6":1,"7":1,"8":1,"9":1,"10":3,"11":1,"12":1,"13":1,"14":1,"15":1,"16":1,"17":1,"18":1,"19":1,"20":1,"21":1,"22":1,"23":1},"b":{},"f":{"1":1,"2":1,"3":3,"4":1,"5":1,"6":1,"7":1,"8":1,"9":1,"10":1,"11":1,"12":1},"fnMap":{"1":{"name":"(anonymous_1)","line":4,"loc":{"start":{"line":4,"column":28},"end":{"line":4,"column":39}}},"2":{"name":"(anonymous_2)","line":8,"loc":{"start":{"line":8,"column":9},"end":{"line":8,"column":24}}},"3":{"name":"(anonymous_3)","line":14,"loc":{"start":{"line":14,"column":13},"end":{"line":14,"column":28}}},"4":{"name":"(anonymous_4)","line":19,"loc":{"start":{"line":19,"column":8},"end":{"line":19,"column":23}}},"5":{"name":"(anonymous_5)","line":23,"loc":{"start":{"line":23,"column":43},"end":{"line":23,"column":54}}},"6":{"name":"(anonymous_6)","line":25,"loc":{"start":{"line":25,"column":30},"end":{"line":25,"column":45}}},"7":{"name":"(anonymous_7)","line":27,"loc":{"start":{"line":27,"column":32},"end":{"line":27,"column":52}}},"8":{"name":"(anonymous_8)","line":33,"loc":{"start":{"line":33,"column":40},"end":{"line":33,"column":55}}},"9":{"name":"(anonymous_9)","line":35,"loc":{"start":{"line":35,"column":41},"end":{"line":35,"column":64}}},"10":{"name":"(anonymous_10)","line":42,"loc":{"start":{"line":42,"column":56},"end":{"line":42,"column":67}}},"11":{"name":"(anonymous_11)","line":44,"loc":{"start":{"line":44,"column":46},"end":{"line":44,"column":61}}},"12":{"name":"(anonymous_12)","line":47,"loc":{"start":{"line":47,"column":32},"end":{"line":47,"column":52}}}},"statementMap":{"1":{"start":{"line":1,"column":0},"end":{"line":1,"column":41}},"2":{"start":{"line":2,"column":0},"end":{"line":2,"column":36}},"3":{"start":{"line":4,"column":0},"end":{"line":54,"column":3}},"4":{"start":{"line":6,"column":2},"end":{"line":6,"column":18}},"5":{"start":{"line":8,"column":2},"end":{"line":12,"column":5}},"6":{"start":{"line":9,"column":4},"end":{"line":9,"column":23}},"7":{"start":{"line":10,"column":4},"end":{"line":10,"column":84}},"8":{"start":{"line":11,"column":4},"end":{"line":11,"column":22}},"9":{"start":{"line":14,"column":2},"end":{"line":17,"column":5}},"10":{"start":{"line":15,"column":4},"end":{"line":16,"column":15}},"11":{"start":{"line":19,"column":2},"end":{"line":21,"column":5}},"12":{"start":{"line":20,"column":4},"end":{"line":20,"column":21}},"13":{"start":{"line":23,"column":2},"end":{"line":40,"column":5}},"14":{"start":{"line":25,"column":4},"end":{"line":31,"column":7}},"15":{"start":{"line":26,"column":6},"end":{"line":30,"column":20}},"16":{"start":{"line":28,"column":10},"end":{"line":28,"column":50}},"17":{"start":{"line":33,"column":4},"end":{"line":39,"column":7}},"18":{"start":{"line":34,"column":6},"end":{"line":38,"column":20}},"19":{"start":{"line":36,"column":10},"end":{"line":36,"column":40}},"20":{"start":{"line":42,"column":2},"end":{"line":52,"column":5}},"21":{"start":{"line":44,"column":4},"end":{"line":51,"column":7}},"22":{"start":{"line":45,"column":6},"end":{"line":50,"column":20}},"23":{"start":{"line":48,"column":10},"end":{"line":48,"column":50}}},"branchMap":{}},"/Users/Mimmo/Projects/playlister/test/ppHomePage.selenium.js":{"path":"/Users/Mimmo/Projects/playlister/test/ppHomePage.selenium.js","s":{"1":1,"2":1,"3":1,"4":1,"5":1,"6":1,"7":1,"8":1,"9":1,"10":3,"11":1,"12":1,"13":1,"14":1,"15":1,"16":1,"17":1,"18":1,"19":1,"20":1,"21":1,"22":1,"23":1,"24":1,"25":1},"b":{},"f":{"1":1,"2":1,"3":3,"4":1,"5":1,"6":1,"7":1,"8":1,"9":1,"10":1,"11":1},"fnMap":{"1":{"name":"(anonymous_1)","line":4,"loc":{"start":{"line":4,"column":21},"end":{"line":4,"column":32}}},"2":{"name":"(anonymous_2)","line":8,"loc":{"start":{"line":8,"column":9},"end":{"line":8,"column":24}}},"3":{"name":"(anonymous_3)","line":14,"loc":{"start":{"line":14,"column":13},"end":{"line":14,"column":28}}},"4":{"name":"(anonymous_4)","line":19,"loc":{"start":{"line":19,"column":8},"end":{"line":19,"column":23}}},"5":{"name":"(anonymous_5)","line":23,"loc":{"start":{"line":23,"column":44},"end":{"line":23,"column":55}}},"6":{"name":"(anonymous_6)","line":25,"loc":{"start":{"line":25,"column":30},"end":{"line":25,"column":45}}},"7":{"name":"(anonymous_7)","line":27,"loc":{"start":{"line":27,"column":35},"end":{"line":27,"column":55}}},"8":{"name":"(anonymous_8)","line":34,"loc":{"start":{"line":34,"column":33},"end":{"line":34,"column":48}}},"9":{"name":"(anonymous_9)","line":36,"loc":{"start":{"line":36,"column":38},"end":{"line":36,"column":58}}},"10":{"name":"(anonymous_10)","line":43,"loc":{"start":{"line":43,"column":53},"end":{"line":43,"column":68}}},"11":{"name":"(anonymous_11)","line":45,"loc":{"start":{"line":45,"column":35},"end":{"line":45,"column":55}}}},"statementMap":{"1":{"start":{"line":1,"column":0},"end":{"line":1,"column":41}},"2":{"start":{"line":2,"column":0},"end":{"line":2,"column":36}},"3":{"start":{"line":4,"column":0},"end":{"line":54,"column":3}},"4":{"start":{"line":6,"column":2},"end":{"line":6,"column":18}},"5":{"start":{"line":8,"column":2},"end":{"line":12,"column":5}},"6":{"start":{"line":9,"column":4},"end":{"line":9,"column":23}},"7":{"start":{"line":10,"column":4},"end":{"line":10,"column":84}},"8":{"start":{"line":11,"column":4},"end":{"line":11,"column":22}},"9":{"start":{"line":14,"column":2},"end":{"line":17,"column":5}},"10":{"start":{"line":15,"column":4},"end":{"line":16,"column":15}},"11":{"start":{"line":19,"column":2},"end":{"line":21,"column":5}},"12":{"start":{"line":20,"column":4},"end":{"line":20,"column":21}},"13":{"start":{"line":23,"column":2},"end":{"line":52,"column":5}},"14":{"start":{"line":25,"column":4},"end":{"line":32,"column":7}},"15":{"start":{"line":26,"column":6},"end":{"line":31,"column":20}},"16":{"start":{"line":28,"column":10},"end":{"line":28,"column":37}},"17":{"start":{"line":29,"column":10},"end":{"line":29,"column":57}},"18":{"start":{"line":34,"column":4},"end":{"line":41,"column":7}},"19":{"start":{"line":35,"column":6},"end":{"line":40,"column":20}},"20":{"start":{"line":37,"column":10},"end":{"line":37,"column":37}},"21":{"start":{"line":38,"column":10},"end":{"line":38,"column":61}},"22":{"start":{"line":43,"column":4},"end":{"line":50,"column":7}},"23":{"start":{"line":44,"column":6},"end":{"line":49,"column":20}},"24":{"start":{"line":46,"column":10},"end":{"line":46,"column":37}},"25":{"start":{"line":47,"column":10},"end":{"line":47,"column":52}}},"branchMap":{}},"/Users/Mimmo/Projects/playlister/test/ppUserPage.selenium.js":{"path":"/Users/Mimmo/Projects/playlister/test/ppUserPage.selenium.js","s":{"1":1,"2":1,"3":1,"4":1,"5":1,"6":1,"7":1,"8":1,"9":1,"10":4,"11":1,"12":1,"13":1,"14":1,"15":1,"16":1,"17":1,"18":1,"19":1,"20":1,"21":1,"22":1,"23":1,"24":1,"25":1,"26":1,"27":1,"28":1,"29":1},"b":{},"f":{"1":1,"2":1,"3":4,"4":1,"5":1,"6":1,"7":1,"8":1,"9":1,"10":1,"11":1,"12":1,"13":1,"14":1,"15":1},"fnMap":{"1":{"name":"(anonymous_1)","line":4,"loc":{"start":{"line":4,"column":32},"end":{"line":4,"column":43}}},"2":{"name":"(anonymous_2)","line":8,"loc":{"start":{"line":8,"column":9},"end":{"line":8,"column":24}}},"3":{"name":"(anonymous_3)","line":14,"loc":{"start":{"line":14,"column":13},"end":{"line":14,"column":28}}},"4":{"name":"(anonymous_4)","line":19,"loc":{"start":{"line":19,"column":8},"end":{"line":19,"column":23}}},"5":{"name":"(anonymous_5)","line":23,"loc":{"start":{"line":23,"column":39},"end":{"line":23,"column":50}}},"6":{"name":"(anonymous_6)","line":25,"loc":{"start":{"line":25,"column":30},"end":{"line":25,"column":45}}},"7":{"name":"(anonymous_7)","line":27,"loc":{"start":{"line":27,"column":34},"end":{"line":27,"column":54}}},"8":{"name":"(anonymous_8)","line":34,"loc":{"start":{"line":34,"column":47},"end":{"line":34,"column":62}}},"9":{"name":"(anonymous_9)","line":36,"loc":{"start":{"line":36,"column":44},"end":{"line":36,"column":67}}},"10":{"name":"(anonymous_10)","line":45,"loc":{"start":{"line":45,"column":56},"end":{"line":45,"column":67}}},"11":{"name":"(anonymous_11)","line":47,"loc":{"start":{"line":47,"column":38},"end":{"line":47,"column":53}}},"12":{"name":"(anonymous_12)","line":51,"loc":{"start":{"line":51,"column":35},"end":{"line":51,"column":55}}},"13":{"name":"(anonymous_13)","line":59,"loc":{"start":{"line":59,"column":65},"end":{"line":59,"column":76}}},"14":{"name":"(anonymous_14)","line":61,"loc":{"start":{"line":61,"column":42},"end":{"line":61,"column":57}}},"15":{"name":"(anonymous_15)","line":67,"loc":{"start":{"line":67,"column":32},"end":{"line":67,"column":52}}}},"statementMap":{"1":{"start":{"line":1,"column":0},"end":{"line":1,"column":41}},"2":{"start":{"line":2,"column":0},"end":{"line":2,"column":36}},"3":{"start":{"line":4,"column":0},"end":{"line":75,"column":3}},"4":{"start":{"line":6,"column":2},"end":{"line":6,"column":18}},"5":{"start":{"line":8,"column":2},"end":{"line":12,"column":5}},"6":{"start":{"line":9,"column":4},"end":{"line":9,"column":23}},"7":{"start":{"line":10,"column":4},"end":{"line":10,"column":84}},"8":{"start":{"line":11,"column":4},"end":{"line":11,"column":22}},"9":{"start":{"line":14,"column":2},"end":{"line":17,"column":5}},"10":{"start":{"line":15,"column":4},"end":{"line":16,"column":15}},"11":{"start":{"line":19,"column":2},"end":{"line":21,"column":5}},"12":{"start":{"line":20,"column":4},"end":{"line":20,"column":21}},"13":{"start":{"line":23,"column":2},"end":{"line":43,"column":5}},"14":{"start":{"line":25,"column":4},"end":{"line":32,"column":7}},"15":{"start":{"line":26,"column":6},"end":{"line":31,"column":20}},"16":{"start":{"line":28,"column":10},"end":{"line":28,"column":37}},"17":{"start":{"line":29,"column":10},"end":{"line":29,"column":66}},"18":{"start":{"line":34,"column":4},"end":{"line":41,"column":7}},"19":{"start":{"line":35,"column":6},"end":{"line":40,"column":20}},"20":{"start":{"line":37,"column":10},"end":{"line":37,"column":37}},"21":{"start":{"line":38,"column":10},"end":{"line":38,"column":40}},"22":{"start":{"line":45,"column":2},"end":{"line":57,"column":5}},"23":{"start":{"line":47,"column":4},"end":{"line":55,"column":7}},"24":{"start":{"line":48,"column":6},"end":{"line":54,"column":20}},"25":{"start":{"line":52,"column":10},"end":{"line":52,"column":63}},"26":{"start":{"line":59,"column":2},"end":{"line":73,"column":5}},"27":{"start":{"line":61,"column":4},"end":{"line":71,"column":7}},"28":{"start":{"line":62,"column":6},"end":{"line":70,"column":20}},"29":{"start":{"line":68,"column":10},"end":{"line":68,"column":50}}},"branchMap":{}},"/Users/Mimmo/Projects/playlister/test/verifySongChoices.spec.js":{"path":"/Users/Mimmo/Projects/playlister/test/verifySongChoices.spec.js","s":{"1":1,"2":1,"3":1,"4":1,"5":1,"6":1,"7":1,"8":1,"9":1,"10":1,"11":1,"12":1,"13":0,"14":0,"15":0,"16":0,"17":1},"b":{},"f":{"1":1,"2":1,"3":0,"4":0,"5":0},"fnMap":{"1":{"name":"(anonymous_1)","line":8,"loc":{"start":{"line":8,"column":46},"end":{"line":8,"column":56}}},"2":{"name":"(anonymous_2)","line":10,"loc":{"start":{"line":10,"column":80},"end":{"line":10,"column":94}}},"3":{"name":"(anonymous_3)","line":17,"loc":{"start":{"line":17,"column":53},"end":{"line":17,"column":64}}},"4":{"name":"(anonymous_4)","line":22,"loc":{"start":{"line":22,"column":55},"end":{"line":22,"column":66}}},"5":{"name":"(anonymous_5)","line":23,"loc":{"start":{"line":23,"column":79},"end":{"line":23,"column":103}}}},"statementMap":{"1":{"start":{"line":1,"column":0},"end":{"line":1,"column":31}},"2":{"start":{"line":2,"column":0},"end":{"line":2,"column":27}},"3":{"start":{"line":3,"column":0},"end":{"line":3,"column":38}},"4":{"start":{"line":4,"column":0},"end":{"line":4,"column":31}},"5":{"start":{"line":5,"column":0},"end":{"line":5,"column":59}},"6":{"start":{"line":6,"column":0},"end":{"line":6,"column":65}},"7":{"start":{"line":8,"column":0},"end":{"line":31,"column":3}},"8":{"start":{"line":10,"column":2},"end":{"line":29,"column":5}},"9":{"start":{"line":11,"column":4},"end":{"line":11,"column":40}},"10":{"start":{"line":12,"column":4},"end":{"line":12,"column":34}},"11":{"start":{"line":13,"column":4},"end":{"line":16,"column":55}},"12":{"start":{"line":17,"column":4},"end":{"line":27,"column":7}},"13":{"start":{"line":18,"column":6},"end":{"line":21,"column":57}},"14":{"start":{"line":22,"column":6},"end":{"line":26,"column":9}},"15":{"start":{"line":23,"column":8},"end":{"line":25,"column":11}},"16":{"start":{"line":24,"column":10},"end":{"line":24,"column":48}},"17":{"start":{"line":28,"column":4},"end":{"line":28,"column":11}}},"branchMap":{}}}