TN:
SF:/Users/Mimmo/Projects/playlister/test/pgGetSongs.js
FN:8,(anonymous_1)
FN:12,(anonymous_2)
FN:18,(anonymous_3)
FN:24,(anonymous_4)
FN:28,(anonymous_5)
FN:30,(anonymous_6)
FN:32,(anonymous_7)
FN:39,(anonymous_8)
FN:41,(anonymous_9)
FN:48,(anonymous_10)
FN:50,(anonymous_11)
FN:57,(anonymous_12)
FN:59,(anonymous_13)
FN:67,(anonymous_14)
FN:69,(anonymous_15)
FN:78,(anonymous_16)
FN:84,(anonymous_17)
FN:89,(anonymous_18)
FN:95,(anonymous_19)
FN:105,(anonymous_20)
FN:111,(anonymous_21)
FN:126,(anonymous_22)
FN:132,(anonymous_23)
FN:151,(anonymous_24)
FNF:24
FNH:24
FNDA:1,(anonymous_1)
FNDA:1,(anonymous_2)
FNDA:9,(anonymous_3)
FNDA:1,(anonymous_4)
FNDA:1,(anonymous_5)
FNDA:1,(anonymous_6)
FNDA:1,(anonymous_7)
FNDA:1,(anonymous_8)
FNDA:1,(anonymous_9)
FNDA:1,(anonymous_10)
FNDA:1,(anonymous_11)
FNDA:1,(anonymous_12)
FNDA:1,(anonymous_13)
FNDA:1,(anonymous_14)
FNDA:1,(anonymous_15)
FNDA:1,(anonymous_16)
FNDA:1,(anonymous_17)
FNDA:1,(anonymous_18)
FNDA:1,(anonymous_19)
FNDA:1,(anonymous_20)
FNDA:1,(anonymous_21)
FNDA:1,(anonymous_22)
FNDA:1,(anonymous_23)
FNDA:1,(anonymous_24)
DA:1,1
DA:2,1
DA:3,1
DA:4,1
DA:5,1
DA:6,1
DA:8,1
DA:10,1
DA:12,1
DA:13,1
DA:14,1
DA:15,1
DA:18,1
DA:19,9
DA:20,9
DA:24,1
DA:25,1
DA:28,1
DA:30,1
DA:31,1
DA:33,1
DA:34,1
DA:39,1
DA:40,1
DA:42,1
DA:43,1
DA:48,1
DA:49,1
DA:51,1
DA:52,1
DA:57,1
DA:58,1
DA:60,1
DA:61,1
DA:67,1
DA:69,1
DA:70,1
DA:79,1
DA:84,1
DA:85,1
DA:90,1
DA:95,1
DA:96,1
DA:106,1
DA:111,1
DA:112,1
DA:127,1
DA:132,1
DA:133,1
DA:152,1
DA:160,1
LF:51
LH:51
BRDA:3,1,0,1
BRDA:3,1,1,1
BRF:2
BRH:2
end_of_record
TN:
SF:/Users/Mimmo/Projects/playlister/test/ppEventPage.js
FN:4,(anonymous_1)
FN:8,(anonymous_2)
FN:14,(anonymous_3)
FN:19,(anonymous_4)
FN:23,(anonymous_5)
FN:25,(anonymous_6)
FN:27,(anonymous_7)
FN:33,(anonymous_8)
FN:35,(anonymous_9)
FN:42,(anonymous_10)
FN:44,(anonymous_11)
FN:47,(anonymous_12)
FNF:12
FNH:12
FNDA:1,(anonymous_1)
FNDA:1,(anonymous_2)
FNDA:3,(anonymous_3)
FNDA:1,(anonymous_4)
FNDA:1,(anonymous_5)
FNDA:1,(anonymous_6)
FNDA:1,(anonymous_7)
FNDA:1,(anonymous_8)
FNDA:1,(anonymous_9)
FNDA:1,(anonymous_10)
FNDA:1,(anonymous_11)
FNDA:1,(anonymous_12)
DA:1,1
DA:2,1
DA:4,1
DA:6,1
DA:8,1
DA:9,1
DA:10,1
DA:11,1
DA:14,1
DA:15,3
DA:19,1
DA:20,1
DA:23,1
DA:25,1
DA:26,1
DA:28,1
DA:33,1
DA:34,1
DA:36,1
DA:42,1
DA:44,1
DA:45,1
DA:48,1
LF:23
LH:23
BRF:0
BRH:0
end_of_record
TN:
SF:/Users/Mimmo/Projects/playlister/test/ppHomePage.js
FN:4,(anonymous_1)
FN:8,(anonymous_2)
FN:14,(anonymous_3)
FN:19,(anonymous_4)
FN:23,(anonymous_5)
FN:25,(anonymous_6)
FN:27,(anonymous_7)
FN:34,(anonymous_8)
FN:36,(anonymous_9)
FN:43,(anonymous_10)
FN:45,(anonymous_11)
FNF:11
FNH:11
FNDA:1,(anonymous_1)
FNDA:1,(anonymous_2)
FNDA:3,(anonymous_3)
FNDA:1,(anonymous_4)
FNDA:1,(anonymous_5)
FNDA:1,(anonymous_6)
FNDA:1,(anonymous_7)
FNDA:1,(anonymous_8)
FNDA:1,(anonymous_9)
FNDA:1,(anonymous_10)
FNDA:1,(anonymous_11)
DA:1,1
DA:2,1
DA:4,1
DA:6,1
DA:8,1
DA:9,1
DA:10,1
DA:11,1
DA:14,1
DA:15,3
DA:19,1
DA:20,1
DA:23,1
DA:25,1
DA:26,1
DA:28,1
DA:29,1
DA:34,1
DA:35,1
DA:37,1
DA:38,1
DA:43,1
DA:44,1
DA:46,1
DA:47,1
LF:25
LH:25
BRF:0
BRH:0
end_of_record
TN:
SF:/Users/Mimmo/Projects/playlister/test/ppUserPage.js
FN:4,(anonymous_1)
FN:8,(anonymous_2)
FN:14,(anonymous_3)
FN:19,(anonymous_4)
FN:23,(anonymous_5)
FN:25,(anonymous_6)
FN:27,(anonymous_7)
FN:34,(anonymous_8)
FN:36,(anonymous_9)
FN:45,(anonymous_10)
FN:47,(anonymous_11)
FN:51,(anonymous_12)
FN:59,(anonymous_13)
FN:61,(anonymous_14)
FN:67,(anonymous_15)
FNF:15
FNH:15
FNDA:1,(anonymous_1)
FNDA:1,(anonymous_2)
FNDA:4,(anonymous_3)
FNDA:1,(anonymous_4)
FNDA:1,(anonymous_5)
FNDA:1,(anonymous_6)
FNDA:1,(anonymous_7)
FNDA:1,(anonymous_8)
FNDA:1,(anonymous_9)
FNDA:1,(anonymous_10)
FNDA:1,(anonymous_11)
FNDA:1,(anonymous_12)
FNDA:1,(anonymous_13)
FNDA:1,(anonymous_14)
FNDA:1,(anonymous_15)
DA:1,1
DA:2,1
DA:4,1
DA:6,1
DA:8,1
DA:9,1
DA:10,1
DA:11,1
DA:14,1
DA:15,4
DA:19,1
DA:20,1
DA:23,1
DA:25,1
DA:26,1
DA:28,1
DA:29,1
DA:34,1
DA:35,1
DA:37,1
DA:38,1
DA:45,1
DA:47,1
DA:48,1
DA:52,1
DA:59,1
DA:61,1
DA:62,1
DA:68,1
LF:29
LH:29
BRF:0
BRH:0
end_of_record
